<?xml version="1.0" encoding="UTF-8"?>
<!-- Generated by org.testng.reporters.JUnitXMLReporter -->
<testsuite hostname="Abhresh" ignored="4" name="Groups" tests="3" failures="0" timestamp="08 Apr 2018 17:34:23 GMT" time="0.11" errors="0">
  <testcase name="testCaseFour" time="0.03" classname="module7.groupExamples"/>
  <testcase name="testCaseOne" time="0.002" classname="module7.groupExamples"/>
  <testcase name="testCaseTwo" time="0.008" classname="module7.groupExamples"/>
  <testcase name="testCaseThree" time="0.0" classname="module7.groupExamples">
    <ignored/>
  </testcase> <!-- testCaseThree -->
  <testcase name="testCaseFive" time="0.0" classname="module7.groupExamples">
    <ignored/>
  </testcase> <!-- testCaseFive -->
  <testcase name="testCaseSeven" time="0.0" classname="module7.groupExamples">
    <ignored/>
  </testcase> <!-- testCaseSeven -->
  <testcase name="testCaseSix" time="0.0" classname="module7.groupExamples">
    <ignored/>
  </testcase> <!-- testCaseSix -->
</testsuite> <!-- Groups -->
